D:\DOCUMENTS\VISUAL STUDIO 2012\PROJECTS\PROCESSTOOLS\DUMMYAPP\DEBUG\DUMMYAPP.PCH
D:\DOCUMENTS\VISUAL STUDIO 2012\PROJECTS\PROCESSTOOLS\DUMMYAPP\DEBUG\STDAFX.OBJ
D:\DOCUMENTS\VISUAL STUDIO 2012\PROJECTS\PROCESSTOOLS\DUMMYAPP\DEBUG\VC110.PDB
D:\DOCUMENTS\VISUAL STUDIO 2012\PROJECTS\PROCESSTOOLS\DUMMYAPP\DEBUG\DUMMYAPP.OBJ
D:\DOCUMENTS\VISUAL STUDIO 2012\PROJECTS\PROCESSTOOLS\DEBUG\DUMMYAPP.ILK
D:\DOCUMENTS\VISUAL STUDIO 2012\PROJECTS\PROCESSTOOLS\DEBUG\DUMMYAPP.EXE
D:\DOCUMENTS\VISUAL STUDIO 2012\PROJECTS\PROCESSTOOLS\DEBUG\DUMMYAPP.PDB
D:\Documents\Visual Studio 2012\Projects\ProcessTools\DummyApp\Debug\DummyApp.obj
D:\Documents\Visual Studio 2012\Projects\ProcessTools\DummyApp\Debug\stdafx.obj
D:\Documents\Visual Studio 2012\Projects\ProcessTools\DummyApp\Debug\cl.command.1.tlog
D:\Documents\Visual Studio 2012\Projects\ProcessTools\DummyApp\Debug\CL.read.1.tlog
D:\Documents\Visual Studio 2012\Projects\ProcessTools\DummyApp\Debug\CL.write.1.tlog
D:\Documents\Visual Studio 2012\Projects\ProcessTools\DummyApp\Debug\link-cvtres.read.1.tlog
D:\Documents\Visual Studio 2012\Projects\ProcessTools\DummyApp\Debug\link-cvtres.write.1.tlog
D:\Documents\Visual Studio 2012\Projects\ProcessTools\DummyApp\Debug\link-rc.read.1.tlog
D:\Documents\Visual Studio 2012\Projects\ProcessTools\DummyApp\Debug\link-rc.write.1.tlog
D:\Documents\Visual Studio 2012\Projects\ProcessTools\DummyApp\Debug\link.command.1.tlog
D:\Documents\Visual Studio 2012\Projects\ProcessTools\DummyApp\Debug\link.read.1.tlog
D:\Documents\Visual Studio 2012\Projects\ProcessTools\DummyApp\Debug\link.write.1.tlog
D:\Documents\Visual Studio 2012\Projects\ProcessTools\DummyApp\Debug\DummyApp.pch
D:\Documents\Visual Studio 2012\Projects\ProcessTools\DummyApp\Debug\vc110.idb
D:\Documents\Visual Studio 2012\Projects\ProcessTools\DummyApp\Debug\vc110.pdb
D:\Documents\Visual Studio 2012\Projects\ProcessTools\Debug\DummyApp.pdb
D:\Documents\Visual Studio 2012\Projects\ProcessTools\Debug\DummyApp.exe
D:\Documents\Visual Studio 2012\Projects\ProcessTools\Debug\DummyApp.ilk
