D:\DOCUMENTS\VISUAL STUDIO 2012\PROJECTS\PROCESSTOOLS\DUMMYAPP\RELEASE\DUMMYAPP.PCH
D:\DOCUMENTS\VISUAL STUDIO 2012\PROJECTS\PROCESSTOOLS\DUMMYAPP\RELEASE\STDAFX.OBJ
D:\DOCUMENTS\VISUAL STUDIO 2012\PROJECTS\PROCESSTOOLS\DUMMYAPP\RELEASE\VC110.PDB
D:\DOCUMENTS\VISUAL STUDIO 2012\PROJECTS\PROCESSTOOLS\DUMMYAPP\RELEASE\DUMMYAPP.OBJ
D:\DOCUMENTS\VISUAL STUDIO 2012\PROJECTS\PROCESSTOOLS\RELEASE\DUMMYAPP.EXE
D:\DOCUMENTS\VISUAL STUDIO 2012\PROJECTS\PROCESSTOOLS\RELEASE\DUMMYAPP.PDB
D:\Documents\Visual Studio 2012\Projects\ProcessTools\DummyApp\Release\DummyApp.obj
D:\Documents\Visual Studio 2012\Projects\ProcessTools\DummyApp\Release\stdafx.obj
D:\Documents\Visual Studio 2012\Projects\ProcessTools\DummyApp\Release\cl.command.1.tlog
D:\Documents\Visual Studio 2012\Projects\ProcessTools\DummyApp\Release\CL.read.1.tlog
D:\Documents\Visual Studio 2012\Projects\ProcessTools\DummyApp\Release\CL.write.1.tlog
D:\Documents\Visual Studio 2012\Projects\ProcessTools\DummyApp\Release\link-cvtres.read.1.tlog
D:\Documents\Visual Studio 2012\Projects\ProcessTools\DummyApp\Release\link-cvtres.write.1.tlog
D:\Documents\Visual Studio 2012\Projects\ProcessTools\DummyApp\Release\link-rc.read.1.tlog
D:\Documents\Visual Studio 2012\Projects\ProcessTools\DummyApp\Release\link-rc.write.1.tlog
D:\Documents\Visual Studio 2012\Projects\ProcessTools\DummyApp\Release\link.command.1.tlog
D:\Documents\Visual Studio 2012\Projects\ProcessTools\DummyApp\Release\link.read.1.tlog
D:\Documents\Visual Studio 2012\Projects\ProcessTools\DummyApp\Release\link.write.1.tlog
D:\Documents\Visual Studio 2012\Projects\ProcessTools\DummyApp\Release\DummyApp.pch
D:\Documents\Visual Studio 2012\Projects\ProcessTools\DummyApp\Release\vc110.pdb
D:\Documents\Visual Studio 2012\Projects\ProcessTools\Release\DummyApp.pdb
D:\Documents\Visual Studio 2012\Projects\ProcessTools\Release\DummyApp.exe
